2023-07-14 13:54:34,727 [Worker-1: Loading available Gradle versions] INFO  o.e.b.c.i.u.g.PublishedGradleVersions - Gradle version information cache is up-to-date. Trying to read.
2023-07-14 13:56:34,956 [Worker-32: Building] INFO  o.e.m.c.i.l.LifecycleMappingFactory - Using org.eclipse.m2e.jdt.JarLifecycleMapping lifecycle mapping for MavenProject: com.promineotech:mysql-java:0.0.1-SNAPSHOT @ C:\Users\15053\week11\week-10\pom.xml.
2023-07-14 13:56:35,549 [Worker-32: Building] WARN  o.e.m.c.i.embedder.EclipseLogger - Using platform encoding (Cp1252 actually) to copy filtered resources, i.e. build is platform dependent!
2023-07-14 13:56:35,558 [Worker-32: Building] INFO  o.e.m.c.i.embedder.EclipseLogger - Copying 1 resource
2023-07-14 13:56:35,577 [Worker-32: Building] WARN  o.e.m.c.i.embedder.EclipseLogger - Using platform encoding (Cp1252 actually) to copy filtered resources, i.e. build is platform dependent!
2023-07-14 13:56:35,578 [Worker-32: Building] INFO  o.e.m.c.i.embedder.EclipseLogger - skip non existing resourceDirectory C:\Users\15053\week11\week-10\src\test\resources
2023-07-14 13:57:11,531 [Worker-27: Launching Executing install in C__Users_15053_week11_week-10] INFO  o.eclipse.m2e.core.internal.Bundles - getClasspathEntries(Bundle=org.eclipse.m2e.maven.runtime_3.8.701.20230209-1606 [271])
2023-07-14 13:57:11,538 [Worker-27: Launching Executing install in C__Users_15053_week11_week-10] INFO  o.eclipse.m2e.core.internal.Bundles - 	Entry: C:\Users\15053\.p2\pool\plugins\org.eclipse.m2e.maven.runtime_3.8.701.20230209-1606
2023-07-14 13:57:11,539 [Worker-27: Launching Executing install in C__Users_15053_week11_week-10] INFO  o.eclipse.m2e.core.internal.Bundles - 	Entry: C:\Users\15053\.p2\pool\plugins\org.eclipse.m2e.maven.runtime_3.8.701.20230209-1606\jars\aether-connector-okhttp-0.17.8.jar
2023-07-14 13:57:11,540 [Worker-27: Launching Executing install in C__Users_15053_week11_week-10] INFO  o.eclipse.m2e.core.internal.Bundles - 	Entry: C:\Users\15053\.p2\pool\plugins\org.eclipse.m2e.maven.runtime_3.8.701.20230209-1606\jars\commons-lang3-3.8.1.jar
2023-07-14 13:57:11,540 [Worker-27: Launching Executing install in C__Users_15053_week11_week-10] INFO  o.eclipse.m2e.core.internal.Bundles - 	Entry: C:\Users\15053\.p2\pool\plugins\org.eclipse.m2e.maven.runtime_3.8.701.20230209-1606\jars\guice-4.2.2-no_aop.jar
2023-07-14 13:57:11,541 [Worker-27: Launching Executing install in C__Users_15053_week11_week-10] INFO  o.eclipse.m2e.core.internal.Bundles - 	Entry: C:\Users\15053\.p2\pool\plugins\org.eclipse.m2e.maven.runtime_3.8.701.20230209-1606\jars\jansi-2.4.0.jar
2023-07-14 13:57:11,541 [Worker-27: Launching Executing install in C__Users_15053_week11_week-10] INFO  o.eclipse.m2e.core.internal.Bundles - 	Entry: C:\Users\15053\.p2\pool\plugins\org.eclipse.m2e.maven.runtime_3.8.701.20230209-1606\jars\maven-artifact-3.8.7.jar
2023-07-14 13:57:11,541 [Worker-27: Launching Executing install in C__Users_15053_week11_week-10] INFO  o.eclipse.m2e.core.internal.Bundles - 	Entry: C:\Users\15053\.p2\pool\plugins\org.eclipse.m2e.maven.runtime_3.8.701.20230209-1606\jars\maven-builder-support-3.8.7.jar
2023-07-14 13:57:11,542 [Worker-27: Launching Executing install in C__Users_15053_week11_week-10] INFO  o.eclipse.m2e.core.internal.Bundles - 	Entry: C:\Users\15053\.p2\pool\plugins\org.eclipse.m2e.maven.runtime_3.8.701.20230209-1606\jars\maven-compat-3.8.7.jar
2023-07-14 13:57:11,542 [Worker-27: Launching Executing install in C__Users_15053_week11_week-10] INFO  o.eclipse.m2e.core.internal.Bundles - 	Entry: C:\Users\15053\.p2\pool\plugins\org.eclipse.m2e.maven.runtime_3.8.701.20230209-1606\jars\maven-core-3.8.7.jar
2023-07-14 13:57:11,542 [Worker-27: Launching Executing install in C__Users_15053_week11_week-10] INFO  o.eclipse.m2e.core.internal.Bundles - 	Entry: C:\Users\15053\.p2\pool\plugins\org.eclipse.m2e.maven.runtime_3.8.701.20230209-1606\jars\maven-embedder-3.8.7.jar
2023-07-14 13:57:11,542 [Worker-27: Launching Executing install in C__Users_15053_week11_week-10] INFO  o.eclipse.m2e.core.internal.Bundles - 	Entry: C:\Users\15053\.p2\pool\plugins\org.eclipse.m2e.maven.runtime_3.8.701.20230209-1606\jars\maven-model-3.8.7.jar
2023-07-14 13:57:11,543 [Worker-27: Launching Executing install in C__Users_15053_week11_week-10] INFO  o.eclipse.m2e.core.internal.Bundles - 	Entry: C:\Users\15053\.p2\pool\plugins\org.eclipse.m2e.maven.runtime_3.8.701.20230209-1606\jars\maven-model-builder-3.8.7.jar
2023-07-14 13:57:11,543 [Worker-27: Launching Executing install in C__Users_15053_week11_week-10] INFO  o.eclipse.m2e.core.internal.Bundles - 	Entry: C:\Users\15053\.p2\pool\plugins\org.eclipse.m2e.maven.runtime_3.8.701.20230209-1606\jars\maven-plugin-api-3.8.7.jar
2023-07-14 13:57:11,543 [Worker-27: Launching Executing install in C__Users_15053_week11_week-10] INFO  o.eclipse.m2e.core.internal.Bundles - 	Entry: C:\Users\15053\.p2\pool\plugins\org.eclipse.m2e.maven.runtime_3.8.701.20230209-1606\jars\maven-repository-metadata-3.8.7.jar
2023-07-14 13:57:11,543 [Worker-27: Launching Executing install in C__Users_15053_week11_week-10] INFO  o.eclipse.m2e.core.internal.Bundles - 	Entry: C:\Users\15053\.p2\pool\plugins\org.eclipse.m2e.maven.runtime_3.8.701.20230209-1606\jars\maven-resolver-api-1.6.3.jar
2023-07-14 13:57:11,543 [Worker-27: Launching Executing install in C__Users_15053_week11_week-10] INFO  o.eclipse.m2e.core.internal.Bundles - 	Entry: C:\Users\15053\.p2\pool\plugins\org.eclipse.m2e.maven.runtime_3.8.701.20230209-1606\jars\maven-resolver-connector-basic-1.6.3.jar
2023-07-14 13:57:11,544 [Worker-27: Launching Executing install in C__Users_15053_week11_week-10] INFO  o.eclipse.m2e.core.internal.Bundles - 	Entry: C:\Users\15053\.p2\pool\plugins\org.eclipse.m2e.maven.runtime_3.8.701.20230209-1606\jars\maven-resolver-impl-1.6.3.jar
2023-07-14 13:57:11,544 [Worker-27: Launching Executing install in C__Users_15053_week11_week-10] INFO  o.eclipse.m2e.core.internal.Bundles - 	Entry: C:\Users\15053\.p2\pool\plugins\org.eclipse.m2e.maven.runtime_3.8.701.20230209-1606\jars\maven-resolver-provider-3.8.7.jar
2023-07-14 13:57:11,544 [Worker-27: Launching Executing install in C__Users_15053_week11_week-10] INFO  o.eclipse.m2e.core.internal.Bundles - 	Entry: C:\Users\15053\.p2\pool\plugins\org.eclipse.m2e.maven.runtime_3.8.701.20230209-1606\jars\maven-resolver-spi-1.6.3.jar
2023-07-14 13:57:11,544 [Worker-27: Launching Executing install in C__Users_15053_week11_week-10] INFO  o.eclipse.m2e.core.internal.Bundles - 	Entry: C:\Users\15053\.p2\pool\plugins\org.eclipse.m2e.maven.runtime_3.8.701.20230209-1606\jars\maven-resolver-transport-wagon-1.6.3.jar
2023-07-14 13:57:11,544 [Worker-27: Launching Executing install in C__Users_15053_week11_week-10] INFO  o.eclipse.m2e.core.internal.Bundles - 	Entry: C:\Users\15053\.p2\pool\plugins\org.eclipse.m2e.maven.runtime_3.8.701.20230209-1606\jars\maven-resolver-util-1.6.3.jar
2023-07-14 13:57:11,545 [Worker-27: Launching Executing install in C__Users_15053_week11_week-10] INFO  o.eclipse.m2e.core.internal.Bundles - 	Entry: C:\Users\15053\.p2\pool\plugins\org.eclipse.m2e.maven.runtime_3.8.701.20230209-1606\jars\maven-settings-3.8.7.jar
2023-07-14 13:57:11,545 [Worker-27: Launching Executing install in C__Users_15053_week11_week-10] INFO  o.eclipse.m2e.core.internal.Bundles - 	Entry: C:\Users\15053\.p2\pool\plugins\org.eclipse.m2e.maven.runtime_3.8.701.20230209-1606\jars\maven-settings-builder-3.8.7.jar
2023-07-14 13:57:11,545 [Worker-27: Launching Executing install in C__Users_15053_week11_week-10] INFO  o.eclipse.m2e.core.internal.Bundles - 	Entry: C:\Users\15053\.p2\pool\plugins\org.eclipse.m2e.maven.runtime_3.8.701.20230209-1606\jars\maven-shared-utils-3.3.4.jar
2023-07-14 13:57:11,545 [Worker-27: Launching Executing install in C__Users_15053_week11_week-10] INFO  o.eclipse.m2e.core.internal.Bundles - 	Entry: C:\Users\15053\.p2\pool\plugins\org.eclipse.m2e.maven.runtime_3.8.701.20230209-1606\jars\okhttp-3.14.1.jar
2023-07-14 13:57:11,545 [Worker-27: Launching Executing install in C__Users_15053_week11_week-10] INFO  o.eclipse.m2e.core.internal.Bundles - 	Entry: C:\Users\15053\.p2\pool\plugins\org.eclipse.m2e.maven.runtime_3.8.701.20230209-1606\jars\okio-1.17.3.jar
2023-07-14 13:57:11,546 [Worker-27: Launching Executing install in C__Users_15053_week11_week-10] INFO  o.eclipse.m2e.core.internal.Bundles - 	Entry: C:\Users\15053\.p2\pool\plugins\org.eclipse.m2e.maven.runtime_3.8.701.20230209-1606\jars\org.eclipse.sisu.inject-0.3.5.jar
2023-07-14 13:57:11,546 [Worker-27: Launching Executing install in C__Users_15053_week11_week-10] INFO  o.eclipse.m2e.core.internal.Bundles - 	Entry: C:\Users\15053\.p2\pool\plugins\org.eclipse.m2e.maven.runtime_3.8.701.20230209-1606\jars\org.eclipse.sisu.plexus-0.3.5.jar
2023-07-14 13:57:11,546 [Worker-27: Launching Executing install in C__Users_15053_week11_week-10] INFO  o.eclipse.m2e.core.internal.Bundles - 	Entry: C:\Users\15053\.p2\pool\plugins\org.eclipse.m2e.maven.runtime_3.8.701.20230209-1606\jars\plexus-build-api-0.0.7.jar
2023-07-14 13:57:11,546 [Worker-27: Launching Executing install in C__Users_15053_week11_week-10] INFO  o.eclipse.m2e.core.internal.Bundles - 	Entry: C:\Users\15053\.p2\pool\plugins\org.eclipse.m2e.maven.runtime_3.8.701.20230209-1606\jars\plexus-cipher-2.0.jar
2023-07-14 13:57:11,546 [Worker-27: Launching Executing install in C__Users_15053_week11_week-10] INFO  o.eclipse.m2e.core.internal.Bundles - 	Entry: C:\Users\15053\.p2\pool\plugins\org.eclipse.m2e.maven.runtime_3.8.701.20230209-1606\jars\plexus-classworlds-2.6.0.jar
2023-07-14 13:57:11,547 [Worker-27: Launching Executing install in C__Users_15053_week11_week-10] INFO  o.eclipse.m2e.core.internal.Bundles - 	Entry: C:\Users\15053\.p2\pool\plugins\org.eclipse.m2e.maven.runtime_3.8.701.20230209-1606\jars\plexus-component-annotations-2.1.0.jar
2023-07-14 13:57:11,547 [Worker-27: Launching Executing install in C__Users_15053_week11_week-10] INFO  o.eclipse.m2e.core.internal.Bundles - 	Entry: C:\Users\15053\.p2\pool\plugins\org.eclipse.m2e.maven.runtime_3.8.701.20230209-1606\jars\plexus-interpolation-1.26.jar
2023-07-14 13:57:11,547 [Worker-27: Launching Executing install in C__Users_15053_week11_week-10] INFO  o.eclipse.m2e.core.internal.Bundles - 	Entry: C:\Users\15053\.p2\pool\plugins\org.eclipse.m2e.maven.runtime_3.8.701.20230209-1606\jars\plexus-sec-dispatcher-2.0.jar
2023-07-14 13:57:11,547 [Worker-27: Launching Executing install in C__Users_15053_week11_week-10] INFO  o.eclipse.m2e.core.internal.Bundles - 	Entry: C:\Users\15053\.p2\pool\plugins\org.eclipse.m2e.maven.runtime_3.8.701.20230209-1606\jars\plexus-utils-3.3.1.jar
2023-07-14 13:57:11,547 [Worker-27: Launching Executing install in C__Users_15053_week11_week-10] INFO  o.eclipse.m2e.core.internal.Bundles - 	Entry: C:\Users\15053\.p2\pool\plugins\org.eclipse.m2e.maven.runtime_3.8.701.20230209-1606\jars\wagon-file-3.5.3.jar
2023-07-14 13:57:11,547 [Worker-27: Launching Executing install in C__Users_15053_week11_week-10] INFO  o.eclipse.m2e.core.internal.Bundles - 	Entry: C:\Users\15053\.p2\pool\plugins\org.eclipse.m2e.maven.runtime_3.8.701.20230209-1606\jars\wagon-provider-api-3.5.3.jar
2023-07-14 13:57:11,549 [Worker-27: Launching Executing install in C__Users_15053_week11_week-10] INFO  o.eclipse.m2e.core.internal.Bundles - getClasspathEntries(Bundle=com.google.guava_31.1.0.jre [9])
2023-07-14 13:57:11,550 [Worker-27: Launching Executing install in C__Users_15053_week11_week-10] INFO  o.eclipse.m2e.core.internal.Bundles - 	Entry: C:\Users\15053\.p2\pool\plugins\com.google.guava_31.1.0.jre.jar
2023-07-14 13:57:11,550 [Worker-27: Launching Executing install in C__Users_15053_week11_week-10] INFO  o.eclipse.m2e.core.internal.Bundles - getClasspathEntries(Bundle=slf4j.api_1.7.36 [439])
2023-07-14 13:57:11,552 [Worker-27: Launching Executing install in C__Users_15053_week11_week-10] INFO  o.eclipse.m2e.core.internal.Bundles - 	Entry: C:\Users\15053\.p2\pool\plugins\slf4j.api_1.7.36.jar
2023-07-14 13:57:11,552 [Worker-27: Launching Executing install in C__Users_15053_week11_week-10] INFO  o.eclipse.m2e.core.internal.Bundles - getClasspathEntries(Bundle=javax.inject_1.0.0.v20220405-0441 [21])
2023-07-14 13:57:11,554 [Worker-27: Launching Executing install in C__Users_15053_week11_week-10] INFO  o.eclipse.m2e.core.internal.Bundles - 	Entry: C:\Users\15053\.p2\pool\plugins\javax.inject_1.0.0.v20220405-0441.jar
2023-07-14 13:57:11,554 [Worker-27: Launching Executing install in C__Users_15053_week11_week-10] INFO  o.eclipse.m2e.core.internal.Bundles - getClasspathEntries(Bundle=javax.annotation_1.3.5.v20221203-1659 [19])
2023-07-14 13:57:11,555 [Worker-27: Launching Executing install in C__Users_15053_week11_week-10] INFO  o.eclipse.m2e.core.internal.Bundles - 	Entry: C:\Users\15053\.p2\pool\plugins\javax.annotation_1.3.5.v20221203-1659.jar
2023-07-14 13:57:11,555 [Worker-27: Launching Executing install in C__Users_15053_week11_week-10] INFO  o.eclipse.m2e.core.internal.Bundles - getClasspathEntries(Bundle=org.apache.commons.cli_1.4.0.v20221112-0806 [41])
2023-07-14 13:57:11,556 [Worker-27: Launching Executing install in C__Users_15053_week11_week-10] INFO  o.eclipse.m2e.core.internal.Bundles - 	Entry: C:\Users\15053\.p2\pool\plugins\org.apache.commons.cli_1.4.0.v20221112-0806.jar
2023-07-14 13:57:11,556 [Worker-27: Launching Executing install in C__Users_15053_week11_week-10] INFO  o.eclipse.m2e.core.internal.Bundles - getClasspathEntries(Bundle=com.google.guava.failureaccess_1.0.1 [11])
2023-07-14 13:57:11,557 [Worker-27: Launching Executing install in C__Users_15053_week11_week-10] INFO  o.eclipse.m2e.core.internal.Bundles - 	Entry: C:\Users\15053\.p2\pool\plugins\com.google.guava.failureaccess_1.0.1.jar
2023-07-14 13:57:11,563 [Worker-27: Launching Executing install in C__Users_15053_week11_week-10] INFO  o.e.m.i.launch.MavenLaunchDelegate - Run build in "C:\Users\15053\week11\week-10":
2023-07-14 13:57:11,569 [Worker-27: Launching Executing install in C__Users_15053_week11_week-10] INFO  o.e.m.i.launch.MavenLaunchDelegate -  mvn  -B -Dstyle.color=always install
2023-07-14 13:57:44,919 [Worker-31: Updating Maven Project] INFO  o.e.m.c.i.p.ProjectConfigurationManager - Update started
2023-07-14 13:57:45,172 [Worker-31: Updating Maven Project] INFO  o.e.m.c.i.l.LifecycleMappingFactory - Using org.eclipse.m2e.jdt.JarLifecycleMapping lifecycle mapping for MavenProject: com.promineotech:mysql-java:0.0.1-SNAPSHOT @ C:\Users\15053\week11\week-10\pom.xml.
2023-07-14 13:57:45,438 [Worker-31: Updating Maven Project] INFO  o.e.m.j.i.AbstractJavaProjectConfigurator - Adding source folder /week-10/src/main/java
2023-07-14 13:57:45,439 [Worker-31: Updating Maven Project] INFO  o.e.m.j.i.AbstractJavaProjectConfigurator - Adding resource folder /week-10/src/main/resources
2023-07-14 13:57:45,440 [Worker-31: Updating Maven Project] INFO  o.e.m.j.i.AbstractJavaProjectConfigurator - Adding source folder /week-10/src/test/java
2023-07-14 13:57:45,796 [Worker-31: Updating Maven Project] INFO  o.e.m.c.i.p.ProjectConfigurationManager - Update completed for 1 poms: local refresh takes 0.00 sec, refresh facades takes 0.00 sec, update config takes 0.00 sec 
2023-07-14 13:57:46,149 [Worker-13: Building] WARN  o.e.m.c.i.embedder.EclipseLogger - Using platform encoding (Cp1252 actually) to copy filtered resources, i.e. build is platform dependent!
2023-07-14 13:57:46,151 [Worker-13: Building] INFO  o.e.m.c.i.embedder.EclipseLogger - Copying 1 resource
2023-07-14 13:57:46,161 [Worker-13: Building] WARN  o.e.m.c.i.embedder.EclipseLogger - Using platform encoding (Cp1252 actually) to copy filtered resources, i.e. build is platform dependent!
2023-07-14 13:57:46,163 [Worker-13: Building] INFO  o.e.m.c.i.embedder.EclipseLogger - skip non existing resourceDirectory C:\Users\15053\week11\week-10\src\test\resources
2023-07-14 14:11:33,180 [Worker-34: Launching Projects] WARN  o.e.m.c.i.embedder.EclipseLogger - Using platform encoding (Cp1252 actually) to copy filtered resources, i.e. build is platform dependent!
2023-07-14 14:11:33,188 [Worker-34: Launching Projects] INFO  o.e.m.c.i.embedder.EclipseLogger - Copying 1 resource
2023-07-14 14:11:33,193 [Worker-34: Launching Projects] WARN  o.e.m.c.i.embedder.EclipseLogger - Using platform encoding (Cp1252 actually) to copy filtered resources, i.e. build is platform dependent!
2023-07-14 14:11:33,195 [Worker-34: Launching Projects] INFO  o.e.m.c.i.embedder.EclipseLogger - skip non existing resourceDirectory C:\Users\15053\week11\week-10\src\test\resources
2023-07-14 14:13:04,519 [Worker-39: Building] WARN  o.e.m.c.i.embedder.EclipseLogger - Using platform encoding (Cp1252 actually) to copy filtered resources, i.e. build is platform dependent!
2023-07-14 14:13:04,521 [Worker-39: Building] INFO  o.e.m.c.i.embedder.EclipseLogger - Copying 1 resource
2023-07-14 14:13:04,523 [Worker-39: Building] WARN  o.e.m.c.i.embedder.EclipseLogger - Using platform encoding (Cp1252 actually) to copy filtered resources, i.e. build is platform dependent!
2023-07-14 14:13:04,524 [Worker-39: Building] INFO  o.e.m.c.i.embedder.EclipseLogger - skip non existing resourceDirectory C:\Users\15053\week11\week-10\src\test\resources
2023-07-14 14:18:23,136 [Worker-41: Building] WARN  o.e.m.c.i.embedder.EclipseLogger - Using platform encoding (Cp1252 actually) to copy filtered resources, i.e. build is platform dependent!
2023-07-14 14:18:23,138 [Worker-41: Building] INFO  o.e.m.c.i.embedder.EclipseLogger - Copying 1 resource
2023-07-14 14:18:23,140 [Worker-41: Building] WARN  o.e.m.c.i.embedder.EclipseLogger - Using platform encoding (Cp1252 actually) to copy filtered resources, i.e. build is platform dependent!
2023-07-14 14:18:23,140 [Worker-41: Building] INFO  o.e.m.c.i.embedder.EclipseLogger - skip non existing resourceDirectory C:\Users\15053\week11\week-10\src\test\resources
2023-07-14 14:28:13,055 [Worker-39: Building] WARN  o.e.m.c.i.embedder.EclipseLogger - Using platform encoding (Cp1252 actually) to copy filtered resources, i.e. build is platform dependent!
2023-07-14 14:28:13,057 [Worker-39: Building] INFO  o.e.m.c.i.embedder.EclipseLogger - Copying 1 resource
2023-07-14 14:28:13,060 [Worker-39: Building] WARN  o.e.m.c.i.embedder.EclipseLogger - Using platform encoding (Cp1252 actually) to copy filtered resources, i.e. build is platform dependent!
2023-07-14 14:28:13,060 [Worker-39: Building] INFO  o.e.m.c.i.embedder.EclipseLogger - skip non existing resourceDirectory C:\Users\15053\week11\week-10\src\test\resources
2023-07-14 14:33:50,657 [Worker-47: Building] WARN  o.e.m.c.i.embedder.EclipseLogger - Using platform encoding (Cp1252 actually) to copy filtered resources, i.e. build is platform dependent!
2023-07-14 14:33:50,659 [Worker-47: Building] INFO  o.e.m.c.i.embedder.EclipseLogger - Copying 1 resource
2023-07-14 14:33:50,661 [Worker-47: Building] WARN  o.e.m.c.i.embedder.EclipseLogger - Using platform encoding (Cp1252 actually) to copy filtered resources, i.e. build is platform dependent!
2023-07-14 14:33:50,661 [Worker-47: Building] INFO  o.e.m.c.i.embedder.EclipseLogger - skip non existing resourceDirectory C:\Users\15053\week11\week-10\src\test\resources
2023-07-15 11:56:36,487 [Worker-4: Loading available Gradle versions] INFO  o.e.b.c.i.u.g.PublishedGradleVersions - Gradle version information cache is out-of-date. Trying to update.
2023-07-15 12:02:01,554 [Worker-29: Launching Projects] WARN  o.e.m.c.i.embedder.EclipseLogger - Using platform encoding (Cp1252 actually) to copy filtered resources, i.e. build is platform dependent!
2023-07-15 12:02:01,559 [Worker-29: Launching Projects] INFO  o.e.m.c.i.embedder.EclipseLogger - Copying 1 resource
2023-07-15 12:02:01,566 [Worker-29: Launching Projects] WARN  o.e.m.c.i.embedder.EclipseLogger - Using platform encoding (Cp1252 actually) to copy filtered resources, i.e. build is platform dependent!
2023-07-15 12:02:01,567 [Worker-29: Launching Projects] INFO  o.e.m.c.i.embedder.EclipseLogger - skip non existing resourceDirectory C:\Users\15053\week11\week-10\src\test\resources
2023-07-15 12:02:33,777 [Worker-30: Launching Projects] WARN  o.e.m.c.i.embedder.EclipseLogger - Using platform encoding (Cp1252 actually) to copy filtered resources, i.e. build is platform dependent!
2023-07-15 12:02:33,781 [Worker-30: Launching Projects] INFO  o.e.m.c.i.embedder.EclipseLogger - Copying 1 resource
2023-07-15 12:02:33,784 [Worker-30: Launching Projects] WARN  o.e.m.c.i.embedder.EclipseLogger - Using platform encoding (Cp1252 actually) to copy filtered resources, i.e. build is platform dependent!
2023-07-15 12:02:33,785 [Worker-30: Launching Projects] INFO  o.e.m.c.i.embedder.EclipseLogger - skip non existing resourceDirectory C:\Users\15053\week11\week-10\src\test\resources
2023-07-15 12:33:03,452 [Worker-37: Building] WARN  o.e.m.c.i.embedder.EclipseLogger - Using platform encoding (Cp1252 actually) to copy filtered resources, i.e. build is platform dependent!
2023-07-15 12:33:03,453 [Worker-37: Building] INFO  o.e.m.c.i.embedder.EclipseLogger - Copying 1 resource
2023-07-15 12:33:03,456 [Worker-37: Building] WARN  o.e.m.c.i.embedder.EclipseLogger - Using platform encoding (Cp1252 actually) to copy filtered resources, i.e. build is platform dependent!
2023-07-15 12:33:03,456 [Worker-37: Building] INFO  o.e.m.c.i.embedder.EclipseLogger - skip non existing resourceDirectory C:\Users\15053\week11\week-10\src\test\resources
2023-07-15 12:33:08,522 [Worker-30: Building] WARN  o.e.m.c.i.embedder.EclipseLogger - Using platform encoding (Cp1252 actually) to copy filtered resources, i.e. build is platform dependent!
2023-07-15 12:33:08,523 [Worker-30: Building] INFO  o.e.m.c.i.embedder.EclipseLogger - Copying 1 resource
2023-07-15 12:33:08,525 [Worker-30: Building] WARN  o.e.m.c.i.embedder.EclipseLogger - Using platform encoding (Cp1252 actually) to copy filtered resources, i.e. build is platform dependent!
2023-07-15 12:33:08,526 [Worker-30: Building] INFO  o.e.m.c.i.embedder.EclipseLogger - skip non existing resourceDirectory C:\Users\15053\week11\week-10\src\test\resources
2023-07-15 12:33:11,526 [Worker-37: Launching Projects] WARN  o.e.m.c.i.embedder.EclipseLogger - Using platform encoding (Cp1252 actually) to copy filtered resources, i.e. build is platform dependent!
2023-07-15 12:33:11,527 [Worker-37: Launching Projects] INFO  o.e.m.c.i.embedder.EclipseLogger - Copying 1 resource
2023-07-15 12:33:11,529 [Worker-37: Launching Projects] WARN  o.e.m.c.i.embedder.EclipseLogger - Using platform encoding (Cp1252 actually) to copy filtered resources, i.e. build is platform dependent!
2023-07-15 12:33:11,530 [Worker-37: Launching Projects] INFO  o.e.m.c.i.embedder.EclipseLogger - skip non existing resourceDirectory C:\Users\15053\week11\week-10\src\test\resources
2023-07-15 12:49:27,835 [Worker-41: Building] WARN  o.e.m.c.i.embedder.EclipseLogger - Using platform encoding (Cp1252 actually) to copy filtered resources, i.e. build is platform dependent!
2023-07-15 12:49:27,836 [Worker-41: Building] INFO  o.e.m.c.i.embedder.EclipseLogger - Copying 1 resource
2023-07-15 12:49:27,838 [Worker-41: Building] WARN  o.e.m.c.i.embedder.EclipseLogger - Using platform encoding (Cp1252 actually) to copy filtered resources, i.e. build is platform dependent!
2023-07-15 12:49:27,839 [Worker-41: Building] INFO  o.e.m.c.i.embedder.EclipseLogger - skip non existing resourceDirectory C:\Users\15053\week11\week-10\src\test\resources
2023-07-15 12:54:21,645 [Worker-43: Launching Projects] WARN  o.e.m.c.i.embedder.EclipseLogger - Using platform encoding (Cp1252 actually) to copy filtered resources, i.e. build is platform dependent!
2023-07-15 12:54:21,647 [Worker-43: Launching Projects] INFO  o.e.m.c.i.embedder.EclipseLogger - Copying 1 resource
2023-07-15 12:54:21,651 [Worker-43: Launching Projects] WARN  o.e.m.c.i.embedder.EclipseLogger - Using platform encoding (Cp1252 actually) to copy filtered resources, i.e. build is platform dependent!
2023-07-15 12:54:21,652 [Worker-43: Launching Projects] INFO  o.e.m.c.i.embedder.EclipseLogger - skip non existing resourceDirectory C:\Users\15053\week11\week-10\src\test\resources
2023-07-15 13:00:40,125 [Worker-48: Building] WARN  o.e.m.c.i.embedder.EclipseLogger - Using platform encoding (Cp1252 actually) to copy filtered resources, i.e. build is platform dependent!
2023-07-15 13:00:40,126 [Worker-48: Building] INFO  o.e.m.c.i.embedder.EclipseLogger - Copying 1 resource
2023-07-15 13:00:40,129 [Worker-48: Building] WARN  o.e.m.c.i.embedder.EclipseLogger - Using platform encoding (Cp1252 actually) to copy filtered resources, i.e. build is platform dependent!
2023-07-15 13:00:40,129 [Worker-48: Building] INFO  o.e.m.c.i.embedder.EclipseLogger - skip non existing resourceDirectory C:\Users\15053\week11\week-10\src\test\resources
2023-07-15 13:11:16,007 [Worker-41: Building] WARN  o.e.m.c.i.embedder.EclipseLogger - Using platform encoding (Cp1252 actually) to copy filtered resources, i.e. build is platform dependent!
2023-07-15 13:11:16,008 [Worker-41: Building] INFO  o.e.m.c.i.embedder.EclipseLogger - Copying 1 resource
2023-07-15 13:11:16,009 [Worker-41: Building] WARN  o.e.m.c.i.embedder.EclipseLogger - Using platform encoding (Cp1252 actually) to copy filtered resources, i.e. build is platform dependent!
2023-07-15 13:11:16,010 [Worker-41: Building] INFO  o.e.m.c.i.embedder.EclipseLogger - skip non existing resourceDirectory C:\Users\15053\week11\week-10\src\test\resources
2023-07-15 13:11:17,932 [Worker-41: Building] WARN  o.e.m.c.i.embedder.EclipseLogger - Using platform encoding (Cp1252 actually) to copy filtered resources, i.e. build is platform dependent!
2023-07-15 13:11:17,933 [Worker-41: Building] INFO  o.e.m.c.i.embedder.EclipseLogger - Copying 1 resource
2023-07-15 13:11:17,935 [Worker-41: Building] WARN  o.e.m.c.i.embedder.EclipseLogger - Using platform encoding (Cp1252 actually) to copy filtered resources, i.e. build is platform dependent!
2023-07-15 13:11:17,935 [Worker-41: Building] INFO  o.e.m.c.i.embedder.EclipseLogger - skip non existing resourceDirectory C:\Users\15053\week11\week-10\src\test\resources
2023-07-15 13:24:45,453 [Worker-56: Building] WARN  o.e.m.c.i.embedder.EclipseLogger - Using platform encoding (Cp1252 actually) to copy filtered resources, i.e. build is platform dependent!
2023-07-15 13:24:45,455 [Worker-56: Building] INFO  o.e.m.c.i.embedder.EclipseLogger - Copying 1 resource
2023-07-15 13:24:45,456 [Worker-56: Building] WARN  o.e.m.c.i.embedder.EclipseLogger - Using platform encoding (Cp1252 actually) to copy filtered resources, i.e. build is platform dependent!
2023-07-15 13:24:45,457 [Worker-56: Building] INFO  o.e.m.c.i.embedder.EclipseLogger - skip non existing resourceDirectory C:\Users\15053\week11\week-10\src\test\resources
2023-07-15 13:25:13,716 [Worker-57: Building] WARN  o.e.m.c.i.embedder.EclipseLogger - Using platform encoding (Cp1252 actually) to copy filtered resources, i.e. build is platform dependent!
2023-07-15 13:25:13,717 [Worker-57: Building] INFO  o.e.m.c.i.embedder.EclipseLogger - Copying 1 resource
2023-07-15 13:25:13,719 [Worker-57: Building] WARN  o.e.m.c.i.embedder.EclipseLogger - Using platform encoding (Cp1252 actually) to copy filtered resources, i.e. build is platform dependent!
2023-07-15 13:25:13,719 [Worker-57: Building] INFO  o.e.m.c.i.embedder.EclipseLogger - skip non existing resourceDirectory C:\Users\15053\week11\week-10\src\test\resources
2023-07-15 13:36:25,138 [Worker-53: Building] WARN  o.e.m.c.i.embedder.EclipseLogger - Using platform encoding (Cp1252 actually) to copy filtered resources, i.e. build is platform dependent!
2023-07-15 13:36:25,139 [Worker-53: Building] INFO  o.e.m.c.i.embedder.EclipseLogger - Copying 1 resource
